<?xml version="1.0" encoding="UTF-8"?>
<!-- Generated by org.testng.reporters.JUnitXMLReporter -->
<testsuite hostname="DELL" ignored="0" name="Test" tests="3" failures="0" timestamp="2020-03-30T10:12:17 IST" time="60.166" errors="0">
  <testcase name="loginToWordpress" time="20.807" classname="cts.miniproject.test.DdExcelWordpressLogin"/>
  <testcase name="loginToWordpress" time="20.784" classname="cts.miniproject.test.DdExcelWordpressLogin"/>
  <testcase name="loginToWordpress" time="13.913" classname="cts.miniproject.test.DdExcelWordpressLogin"/>
</testsuite> <!-- Test -->
